2014/06/16 01:15:23 [error] [exception.CDbException] exception 'CDbException' with message 'CDbConnection failed to open the DB connection: SQLSTATE[HY000] [2002] Can't connect to local MySQL server through socket '/var/lib/mysql/mysql.sock' (2 "No such file or directory")' in /home/u878473124/public_html/yii/framework/db/CDbConnection.php:382
Stack trace:
#0 /home/u878473124/public_html/yii/framework/db/CDbConnection.php(330): CDbConnection->open()
#1 /home/u878473124/public_html/yii/framework/db/CDbConnection.php(308): CDbConnection->setActive(true)
#2 /home/u878473124/public_html/yii/framework/base/CModule.php(387): CDbConnection->init()
#3 /home/u878473124/public_html/yii/framework/base/CApplication.php(450): CModule->getComponent('db')
#4 /home/u878473124/public_html/yii/framework/db/ar/CActiveRecord.php(634): CApplication->getDb()
#5 /home/u878473124/public_html/yii/framework/db/ar/CActiveRecord.php(667): CActiveRecord->getDbConnection()
#6 /home/u878473124/public_html/yii/framework/db/ar/CActiveRecord.php(1469): CActiveRecord->getCommandBuilder()
#7 /home/u878473124/public_html/newherbaldb/protected/controllers/SiteController.php(36): CActiveRecord->findAll(Object(CDbCriteria))
#8 /home/u878473124/public_html/yii/framework/web/actions/CInlineAction.php(49): SiteController->actionIndex()
#9 /home/u878473124/public_html/yii/framework/web/CController.php(308): CInlineAction->runWithParams(Array)
#10 /home/u878473124/public_html/yii/framework/web/CController.php(286): CController->runAction(Object(CInlineAction))
#11 /home/u878473124/public_html/yii/framework/web/CController.php(265): CController->runActionWithFilters(Object(CInlineAction), Array)
#12 /home/u878473124/public_html/yii/framework/web/CWebApplication.php(282): CController->run('')
#13 /home/u878473124/public_html/yii/framework/web/CWebApplication.php(141): CWebApplication->runController('')
#14 /home/u878473124/public_html/yii/framework/base/CApplication.php(180): CWebApplication->processRequest()
#15 /home/u878473124/public_html/newherbaldb/index.php(13): CApplication->run()
#16 {main}
REQUEST_URI=/newherbaldb/
HTTP_REFERER=http://herbaldbui.meximas.com/
---
2014/06/16 01:17:00 [error] [system.db.CDbCommand] CDbCommand::fetchAll() failed: SQLSTATE[42S02]: Base table or view not found: 1146 Table 'u878473124_herb.species' doesn't exist. The SQL statement executed was: SHOW FULL COLUMNS FROM `species`.
in /home/u878473124/public_html/newherbaldb/protected/controllers/SiteController.php (36)
in /home/u878473124/public_html/newherbaldb/index.php (13)
2014/06/16 01:17:00 [error] [exception.CDbException] exception 'CDbException' with message 'The table "species" for active record class "Species" cannot be found in the database.' in /home/u878473124/public_html/yii/framework/db/ar/CActiveRecord.php:2362
Stack trace:
#0 /home/u878473124/public_html/yii/framework/db/ar/CActiveRecord.php(411): CActiveRecordMetaData->__construct(Object(Species))
#1 /home/u878473124/public_html/yii/framework/db/ar/CActiveRecord.php(658): CActiveRecord->getMetaData()
#2 /home/u878473124/public_html/yii/framework/db/ar/CActiveRecord.php(1350): CActiveRecord->getTableSchema()
#3 /home/u878473124/public_html/yii/framework/db/ar/CActiveRecord.php(1470): CActiveRecord->query(Object(CDbCriteria), true)
#4 /home/u878473124/public_html/newherbaldb/protected/controllers/SiteController.php(36): CActiveRecord->findAll(Object(CDbCriteria))
#5 /home/u878473124/public_html/yii/framework/web/actions/CInlineAction.php(49): SiteController->actionIndex()
#6 /home/u878473124/public_html/yii/framework/web/CController.php(308): CInlineAction->runWithParams(Array)
#7 /home/u878473124/public_html/yii/framework/web/CController.php(286): CController->runAction(Object(CInlineAction))
#8 /home/u878473124/public_html/yii/framework/web/CController.php(265): CController->runActionWithFilters(Object(CInlineAction), Array)
#9 /home/u878473124/public_html/yii/framework/web/CWebApplication.php(282): CController->run('')
#10 /home/u878473124/public_html/yii/framework/web/CWebApplication.php(141): CWebApplication->runController('')
#11 /home/u878473124/public_html/yii/framework/base/CApplication.php(180): CWebApplication->processRequest()
#12 /home/u878473124/public_html/newherbaldb/index.php(13): CApplication->run()
#13 {main}
REQUEST_URI=/newherbaldb/
HTTP_REFERER=http://herbaldbui.meximas.com/
---
2014/06/16 01:19:12 [error] [php] include(ref.php) [<a href='function.include'>function.include</a>]: failed to open stream: No such file or directory (/home/u878473124/public_html/yii/framework/YiiBase.php:427)
Stack trace:
#0 /home/u878473124/public_html/yii/framework/db/ar/CActiveRecord.php(395): spl_autoload_call()
#1 /home/u878473124/public_html/yii/framework/db/ar/CActiveFinder.php(182): model()
#2 /home/u878473124/public_html/yii/framework/db/ar/CActiveFinder.php(230): CActiveFinder->getModel()
#3 /home/u878473124/public_html/yii/framework/db/ar/CActiveFinder.php(48): CActiveFinder->buildJoinTree()
#4 /home/u878473124/public_html/yii/framework/db/ar/CActiveRecord.php(909): CActiveFinder->__construct()
#5 /home/u878473124/public_html/yii/framework/db/ar/CActiveRecord.php(280): Species->getActiveFinder()
#6 /home/u878473124/public_html/yii/framework/db/ar/CActiveRecord.php(143): Species->getRelated()
#7 /home/u878473124/public_html/newherbaldb/protected/views/species/view.php(52): Species->__get()
#8 /home/u878473124/public_html/yii/framework/web/CBaseController.php(126): require()
#9 /home/u878473124/public_html/yii/framework/web/CBaseController.php(95): SpeciesController->renderInternal()
#10 /home/u878473124/public_html/yii/framework/web/CController.php(869): SpeciesController->renderFile()
#11 /home/u878473124/public_html/yii/framework/web/CController.php(782): SpeciesController->renderPartial()
#12 /home/u878473124/public_html/newherbaldb/protected/controllers/SpeciesController.php(116): SpeciesController->render()
#13 unknown(0): SpeciesController->actionView()
#14 /home/u878473124/public_html/yii/framework/web/actions/CAction.php(108): ReflectionMethod->invokeArgs()
#15 /home/u878473124/public_html/yii/framework/web/actions/CInlineAction.php(47): CInlineAction->runWithParamsInternal()
#16 /home/u878473124/public_html/yii/framework/web/CController.php(308): CInlineAction->runWithParams()
#17 /home/u878473124/public_html/yii/framework/web/filters/CFilterChain.php(133): SpeciesController->runAction()
#18 /home/u878473124/public_html/yii/framework/web/filters/CFilter.php(40): CFilterChain->run()
#19 /home/u878473124/public_html/yii/framework/web/CController.php(1145): CAccessControlFilter->filter()
#20 /home/u878473124/public_html/yii/framework/web/filters/CInlineFilter.php(58): SpeciesController->filterAccessControl()
#21 /home/u878473124/public_html/yii/framework/web/filters/CFilterChain.php(130): CInlineFilter->filter()
#22 /home/u878473124/public_html/yii/framework/web/CController.php(291): CFilterChain->run()
#23 /home/u878473124/public_html/yii/framework/web/CController.php(265): SpeciesController->runActionWithFilters()
#24 /home/u878473124/public_html/yii/framework/web/CWebApplication.php(282): SpeciesController->run()
#25 /home/u878473124/public_html/yii/framework/web/CWebApplication.php(141): CWebApplication->runController()
#26 /home/u878473124/public_html/yii/framework/base/CApplication.php(180): CWebApplication->processRequest()
#27 /home/u878473124/public_html/newherbaldb/index.php(13): CWebApplication->run()
REQUEST_URI=/newherbaldb/index.php/species/1
in /home/u878473124/public_html/newherbaldb/protected/views/species/view.php (52)
in /home/u878473124/public_html/newherbaldb/protected/controllers/SpeciesController.php (116)
in /home/u878473124/public_html/newherbaldb/index.php (13)
2014/06/16 01:30:48 [error] [php] include(ALiases.php) [<a href='function.include'>function.include</a>]: failed to open stream: No such file or directory (/home/u878473124/public_html/yii/framework/YiiBase.php:427)
Stack trace:
#0 /home/u878473124/public_html/newherbaldb/protected/controllers/UserController.php(258): spl_autoload_call()
#1 /home/u878473124/public_html/yii/framework/web/actions/CInlineAction.php(49): UserController->actionInsertData()
#2 /home/u878473124/public_html/yii/framework/web/CController.php(308): CInlineAction->runWithParams()
#3 /home/u878473124/public_html/yii/framework/web/filters/CFilterChain.php(133): UserController->runAction()
#4 /home/u878473124/public_html/yii/framework/web/filters/CFilter.php(40): CFilterChain->run()
#5 /home/u878473124/public_html/yii/framework/web/CController.php(1145): CAccessControlFilter->filter()
#6 /home/u878473124/public_html/yii/framework/web/filters/CInlineFilter.php(58): UserController->filterAccessControl()
#7 /home/u878473124/public_html/yii/framework/web/filters/CFilterChain.php(130): CInlineFilter->filter()
#8 /home/u878473124/public_html/yii/framework/web/CController.php(291): CFilterChain->run()
#9 /home/u878473124/public_html/yii/framework/web/CController.php(265): UserController->runActionWithFilters()
#10 /home/u878473124/public_html/yii/framework/web/CWebApplication.php(282): UserController->run()
#11 /home/u878473124/public_html/yii/framework/web/CWebApplication.php(141): CWebApplication->runController()
#12 /home/u878473124/public_html/yii/framework/base/CApplication.php(180): CWebApplication->processRequest()
#13 /home/u878473124/public_html/newherbaldb/index.php(13): CWebApplication->run()
REQUEST_URI=/newherbaldb/index.php/user/insertData
in /home/u878473124/public_html/newherbaldb/protected/controllers/UserController.php (258)
in /home/u878473124/public_html/newherbaldb/index.php (13)
2014/06/16 01:31:44 [error] [php] include(virtue.php) [<a href='function.include'>function.include</a>]: failed to open stream: No such file or directory (/home/u878473124/public_html/yii/framework/YiiBase.php:427)
Stack trace:
#0 /home/u878473124/public_html/newherbaldb/protected/controllers/UserController.php(261): spl_autoload_call()
#1 /home/u878473124/public_html/yii/framework/web/actions/CInlineAction.php(49): UserController->actionInsertData()
#2 /home/u878473124/public_html/yii/framework/web/CController.php(308): CInlineAction->runWithParams()
#3 /home/u878473124/public_html/yii/framework/web/filters/CFilterChain.php(133): UserController->runAction()
#4 /home/u878473124/public_html/yii/framework/web/filters/CFilter.php(40): CFilterChain->run()
#5 /home/u878473124/public_html/yii/framework/web/CController.php(1145): CAccessControlFilter->filter()
#6 /home/u878473124/public_html/yii/framework/web/filters/CInlineFilter.php(58): UserController->filterAccessControl()
#7 /home/u878473124/public_html/yii/framework/web/filters/CFilterChain.php(130): CInlineFilter->filter()
#8 /home/u878473124/public_html/yii/framework/web/CController.php(291): CFilterChain->run()
#9 /home/u878473124/public_html/yii/framework/web/CController.php(265): UserController->runActionWithFilters()
#10 /home/u878473124/public_html/yii/framework/web/CWebApplication.php(282): UserController->run()
#11 /home/u878473124/public_html/yii/framework/web/CWebApplication.php(141): CWebApplication->runController()
#12 /home/u878473124/public_html/yii/framework/base/CApplication.php(180): CWebApplication->processRequest()
#13 /home/u878473124/public_html/newherbaldb/index.php(13): CWebApplication->run()
REQUEST_URI=/newherbaldb/index.php/user/insertData
in /home/u878473124/public_html/newherbaldb/protected/controllers/UserController.php (261)
in /home/u878473124/public_html/newherbaldb/index.php (13)
2014/06/16 01:37:17 [warning] [application] Failed to set unsafe attribute "use_foto" of "User".
in /home/u878473124/public_html/newherbaldb/protected/controllers/SiteController.php (149)
in /home/u878473124/public_html/newherbaldb/index.php (13)
2014/06/16 01:37:17 [warning] [application] Failed to set unsafe attribute "use_cv" of "User".
in /home/u878473124/public_html/newherbaldb/protected/controllers/SiteController.php (149)
in /home/u878473124/public_html/newherbaldb/index.php (13)
2014/06/16 01:37:27 [warning] [application] Failed to set unsafe attribute "use_foto" of "User".
in /home/u878473124/public_html/newherbaldb/protected/controllers/SiteController.php (149)
in /home/u878473124/public_html/newherbaldb/index.php (13)
2014/06/16 01:37:27 [warning] [application] Failed to set unsafe attribute "use_cv" of "User".
in /home/u878473124/public_html/newherbaldb/protected/controllers/SiteController.php (149)
in /home/u878473124/public_html/newherbaldb/index.php (13)
2014/06/16 01:37:35 [warning] [application] Failed to set unsafe attribute "use_foto" of "User".
in /home/u878473124/public_html/newherbaldb/protected/controllers/SiteController.php (149)
in /home/u878473124/public_html/newherbaldb/index.php (13)
2014/06/16 01:37:35 [warning] [application] Failed to set unsafe attribute "use_cv" of "User".
in /home/u878473124/public_html/newherbaldb/protected/controllers/SiteController.php (149)
in /home/u878473124/public_html/newherbaldb/index.php (13)
2014/06/16 01:37:43 [warning] [application] Failed to set unsafe attribute "use_foto" of "User".
in /home/u878473124/public_html/newherbaldb/protected/controllers/SiteController.php (149)
in /home/u878473124/public_html/newherbaldb/index.php (13)
2014/06/16 01:37:43 [warning] [application] Failed to set unsafe attribute "use_cv" of "User".
in /home/u878473124/public_html/newherbaldb/protected/controllers/SiteController.php (149)
in /home/u878473124/public_html/newherbaldb/index.php (13)
2014/06/16 01:37:45 [error] [php] fsockopen() [<a href='function.fsockopen'>function.fsockopen</a>]: SSL operation failed with code 1. OpenSSL Error messages:
error:140770FC:SSL routines:func(119):reason(252) (/home/u878473124/public_html/newherbaldb/protected/extensions/yii-mail/vendors/swiftMailer/classes/Swift/Transport/StreamBuffer.php:233)
Stack trace:
#0 /home/u878473124/public_html/newherbaldb/protected/extensions/yii-mail/vendors/swiftMailer/classes/Swift/Transport/AbstractSmtpTransport.php(101): Swift_Transport_StreamBuffer->initialize()
#1 /home/u878473124/public_html/newherbaldb/protected/extensions/yii-mail/vendors/swiftMailer/classes/Swift/Mailer.php(74): Swift_SmtpTransport->start()
#2 /home/u878473124/public_html/newherbaldb/protected/extensions/yii-mail/YiiMail.php(133): Swift_Mailer->send()
#3 /home/u878473124/public_html/newherbaldb/protected/controllers/SiteController.php(223): YiiMail->send()
#4 /home/u878473124/public_html/newherbaldb/protected/controllers/SiteController.php(171): SiteController->sendRegistrationMail()
#5 /home/u878473124/public_html/yii/framework/web/actions/CInlineAction.php(49): SiteController->actionRegister()
#6 /home/u878473124/public_html/yii/framework/web/CController.php(308): CInlineAction->runWithParams()
#7 /home/u878473124/public_html/yii/framework/web/CController.php(286): SiteController->runAction()
#8 /home/u878473124/public_html/yii/framework/web/CController.php(265): SiteController->runActionWithFilters()
#9 /home/u878473124/public_html/yii/framework/web/CWebApplication.php(282): SiteController->run()
#10 /home/u878473124/public_html/yii/framework/web/CWebApplication.php(141): CWebApplication->runController()
#11 /home/u878473124/public_html/yii/framework/base/CApplication.php(180): CWebApplication->processRequest()
#12 /home/u878473124/public_html/newherbaldb/index.php(13): CWebApplication->run()
REQUEST_URI=/newherbaldb/index.php/site/register
in /home/u878473124/public_html/newherbaldb/protected/extensions/yii-mail/vendors/swiftMailer/classes/Swift/Transport/StreamBuffer.php (233)
in /home/u878473124/public_html/newherbaldb/protected/extensions/yii-mail/vendors/swiftMailer/classes/Swift/Transport/StreamBuffer.php (70)
in /home/u878473124/public_html/newherbaldb/protected/extensions/yii-mail/vendors/swiftMailer/classes/Swift/Transport/AbstractSmtpTransport.php (101)
2014/06/16 01:43:38 [warning] [application] Failed to set unsafe attribute "use_foto" of "User".
in /home/u878473124/public_html/newherbaldb/protected/controllers/SiteController.php (149)
in /home/u878473124/public_html/newherbaldb/index.php (13)
2014/06/16 01:43:38 [warning] [application] Failed to set unsafe attribute "use_cv" of "User".
in /home/u878473124/public_html/newherbaldb/protected/controllers/SiteController.php (149)
in /home/u878473124/public_html/newherbaldb/index.php (13)
2014/06/16 01:43:57 [warning] [application] Failed to set unsafe attribute "use_foto" of "User".
in /home/u878473124/public_html/newherbaldb/protected/controllers/SiteController.php (149)
in /home/u878473124/public_html/newherbaldb/index.php (13)
2014/06/16 01:43:57 [warning] [application] Failed to set unsafe attribute "use_cv" of "User".
in /home/u878473124/public_html/newherbaldb/protected/controllers/SiteController.php (149)
in /home/u878473124/public_html/newherbaldb/index.php (13)
2014/06/16 01:43:57 [error] [php] fsockopen() [<a href='function.fsockopen'>function.fsockopen</a>]: SSL operation failed with code 1. OpenSSL Error messages:
error:140770FC:SSL routines:func(119):reason(252) (/home/u878473124/public_html/newherbaldb/protected/extensions/yii-mail/vendors/swiftMailer/classes/Swift/Transport/StreamBuffer.php:233)
Stack trace:
#0 /home/u878473124/public_html/newherbaldb/protected/extensions/yii-mail/vendors/swiftMailer/classes/Swift/Transport/AbstractSmtpTransport.php(101): Swift_Transport_StreamBuffer->initialize()
#1 /home/u878473124/public_html/newherbaldb/protected/extensions/yii-mail/vendors/swiftMailer/classes/Swift/Mailer.php(74): Swift_SmtpTransport->start()
#2 /home/u878473124/public_html/newherbaldb/protected/extensions/yii-mail/YiiMail.php(133): Swift_Mailer->send()
#3 /home/u878473124/public_html/newherbaldb/protected/controllers/SiteController.php(223): YiiMail->send()
#4 /home/u878473124/public_html/newherbaldb/protected/controllers/SiteController.php(171): SiteController->sendRegistrationMail()
#5 /home/u878473124/public_html/yii/framework/web/actions/CInlineAction.php(49): SiteController->actionRegister()
#6 /home/u878473124/public_html/yii/framework/web/CController.php(308): CInlineAction->runWithParams()
#7 /home/u878473124/public_html/yii/framework/web/CController.php(286): SiteController->runAction()
#8 /home/u878473124/public_html/yii/framework/web/CController.php(265): SiteController->runActionWithFilters()
#9 /home/u878473124/public_html/yii/framework/web/CWebApplication.php(282): SiteController->run()
#10 /home/u878473124/public_html/yii/framework/web/CWebApplication.php(141): CWebApplication->runController()
#11 /home/u878473124/public_html/yii/framework/base/CApplication.php(180): CWebApplication->processRequest()
#12 /home/u878473124/public_html/newherbaldb/index.php(13): CWebApplication->run()
REQUEST_URI=/newherbaldb/index.php/site/register
in /home/u878473124/public_html/newherbaldb/protected/extensions/yii-mail/vendors/swiftMailer/classes/Swift/Transport/StreamBuffer.php (233)
in /home/u878473124/public_html/newherbaldb/protected/extensions/yii-mail/vendors/swiftMailer/classes/Swift/Transport/StreamBuffer.php (70)
in /home/u878473124/public_html/newherbaldb/protected/extensions/yii-mail/vendors/swiftMailer/classes/Swift/Transport/AbstractSmtpTransport.php (101)
2014/06/16 01:44:18 [error] [php] Object of class ChangePasswordForm could not be converted to string (/home/u878473124/public_html/yii/framework/web/helpers/CHtml.php:2155)
Stack trace:
#0 /home/u878473124/public_html/yii/framework/web/helpers/CHtml.php(744): inputField()
#1 /home/u878473124/public_html/newherbaldb/protected/views/user/_formChangePassword.php(18): passwordField()
#2 /home/u878473124/public_html/yii/framework/web/CBaseController.php(126): require()
#3 /home/u878473124/public_html/yii/framework/web/CBaseController.php(95): UserController->renderInternal()
#4 /home/u878473124/public_html/yii/framework/web/CController.php(869): UserController->renderFile()
#5 /home/u878473124/public_html/newherbaldb/protected/views/user/changePassword.php(10): UserController->renderPartial()
#6 /home/u878473124/public_html/yii/framework/web/CBaseController.php(126): require()
#7 /home/u878473124/public_html/yii/framework/web/CBaseController.php(95): UserController->renderInternal()
#8 /home/u878473124/public_html/yii/framework/web/CController.php(869): UserController->renderFile()
#9 /home/u878473124/public_html/yii/framework/web/CController.php(782): UserController->renderPartial()
#10 /home/u878473124/public_html/newherbaldb/protected/controllers/UserController.php(162): UserController->render()
#11 unknown(0): UserController->actionChangePassword()
#12 /home/u878473124/public_html/yii/framework/web/actions/CAction.php(108): ReflectionMethod->invokeArgs()
#13 /home/u878473124/public_html/yii/framework/web/actions/CInlineAction.php(47): CInlineAction->runWithParamsInternal()
#14 /home/u878473124/public_html/yii/framework/web/CController.php(308): CInlineAction->runWithParams()
#15 /home/u878473124/public_html/yii/framework/web/filters/CFilterChain.php(133): UserController->runAction()
#16 /home/u878473124/public_html/yii/framework/web/filters/CFilter.php(40): CFilterChain->run()
#17 /home/u878473124/public_html/yii/framework/web/CController.php(1145): CAccessControlFilter->filter()
#18 /home/u878473124/public_html/yii/framework/web/filters/CInlineFilter.php(58): UserController->filterAccessControl()
#19 /home/u878473124/public_html/yii/framework/web/filters/CFilterChain.php(130): CInlineFilter->filter()
#20 /home/u878473124/public_html/yii/framework/web/CController.php(291): CFilterChain->run()
#21 /home/u878473124/public_html/yii/framework/web/CController.php(265): UserController->runActionWithFilters()
#22 /home/u878473124/public_html/yii/framework/web/CWebApplication.php(282): UserController->run()
#23 /home/u878473124/public_html/yii/framework/web/CWebApplication.php(141): CWebApplication->runController()
#24 /home/u878473124/public_html/yii/framework/base/CApplication.php(180): CWebApplication->processRequest()
#25 /home/u878473124/public_html/newherbaldb/index.php(13): CWebApplication->run()
REQUEST_URI=/newherbaldb/index.php/user/changePassword/38
in /home/u878473124/public_html/newherbaldb/protected/views/user/_formChangePassword.php (18)
in /home/u878473124/public_html/newherbaldb/protected/views/user/changePassword.php (10)
in /home/u878473124/public_html/newherbaldb/protected/controllers/UserController.php (162)
2014/06/16 01:46:48 [error] [exception.CHttpException.404] exception 'CHttpException' with message 'The requested page does not exist.' in /home/u878473124/public_html/newherbaldb/protected/controllers/ContentsController.php:223
Stack trace:
#0 /home/u878473124/public_html/newherbaldb/protected/controllers/ContentsController.php(114): ContentsController->loadModel('1')
#1 [internal function]: ContentsController->actionUpdate('1')
#2 /home/u878473124/public_html/yii/framework/web/actions/CAction.php(108): ReflectionMethod->invokeArgs(Object(ContentsController), Array)
#3 /home/u878473124/public_html/yii/framework/web/actions/CInlineAction.php(47): CAction->runWithParamsInternal(Object(ContentsController), Object(ReflectionMethod), Array)
#4 /home/u878473124/public_html/yii/framework/web/CController.php(308): CInlineAction->runWithParams(Array)
#5 /home/u878473124/public_html/yii/framework/web/filters/CFilterChain.php(133): CController->runAction(Object(CInlineAction))
#6 /home/u878473124/public_html/yii/framework/web/filters/CFilter.php(40): CFilterChain->run()
#7 /home/u878473124/public_html/yii/framework/web/CController.php(1145): CFilter->filter(Object(CFilterChain))
#8 /home/u878473124/public_html/yii/framework/web/filters/CInlineFilter.php(58): CController->filterAccessControl(Object(CFilterChain))
#9 /home/u878473124/public_html/yii/framework/web/filters/CFilterChain.php(130): CInlineFilter->filter(Object(CFilterChain))
#10 /home/u878473124/public_html/yii/framework/web/CController.php(291): CFilterChain->run()
#11 /home/u878473124/public_html/yii/framework/web/CController.php(265): CController->runActionWithFilters(Object(CInlineAction), Array)
#12 /home/u878473124/public_html/yii/framework/web/CWebApplication.php(282): CController->run('update')
#13 /home/u878473124/public_html/yii/framework/web/CWebApplication.php(141): CWebApplication->runController('contents/update')
#14 /home/u878473124/public_html/yii/framework/base/CApplication.php(180): CWebApplication->processRequest()
#15 /home/u878473124/public_html/newherbaldb/index.php(13): CApplication->run()
#16 {main}
REQUEST_URI=/newherbaldb/index.php/contents/update/1
HTTP_REFERER=http://herbaldbui.meximas.com/newherbaldb/index.php/species/1
---
2014/06/16 01:48:40 [error] [exception.CHttpException.404] exception 'CHttpException' with message 'The requested page does not exist.' in /home/u878473124/public_html/newherbaldb/protected/controllers/ContentsController.php:223
Stack trace:
#0 /home/u878473124/public_html/newherbaldb/protected/controllers/ContentsController.php(114): ContentsController->loadModel('1')
#1 [internal function]: ContentsController->actionUpdate('1')
#2 /home/u878473124/public_html/yii/framework/web/actions/CAction.php(108): ReflectionMethod->invokeArgs(Object(ContentsController), Array)
#3 /home/u878473124/public_html/yii/framework/web/actions/CInlineAction.php(47): CAction->runWithParamsInternal(Object(ContentsController), Object(ReflectionMethod), Array)
#4 /home/u878473124/public_html/yii/framework/web/CController.php(308): CInlineAction->runWithParams(Array)
#5 /home/u878473124/public_html/yii/framework/web/filters/CFilterChain.php(133): CController->runAction(Object(CInlineAction))
#6 /home/u878473124/public_html/yii/framework/web/filters/CFilter.php(40): CFilterChain->run()
#7 /home/u878473124/public_html/yii/framework/web/CController.php(1145): CFilter->filter(Object(CFilterChain))
#8 /home/u878473124/public_html/yii/framework/web/filters/CInlineFilter.php(58): CController->filterAccessControl(Object(CFilterChain))
#9 /home/u878473124/public_html/yii/framework/web/filters/CFilterChain.php(130): CInlineFilter->filter(Object(CFilterChain))
#10 /home/u878473124/public_html/yii/framework/web/CController.php(291): CFilterChain->run()
#11 /home/u878473124/public_html/yii/framework/web/CController.php(265): CController->runActionWithFilters(Object(CInlineAction), Array)
#12 /home/u878473124/public_html/yii/framework/web/CWebApplication.php(282): CController->run('update')
#13 /home/u878473124/public_html/yii/framework/web/CWebApplication.php(141): CWebApplication->runController('contents/update')
#14 /home/u878473124/public_html/yii/framework/base/CApplication.php(180): CWebApplication->processRequest()
#15 /home/u878473124/public_html/newherbaldb/index.php(13): CApplication->run()
#16 {main}
REQUEST_URI=/newherbaldb/index.php/contents/update/1
HTTP_REFERER=http://herbaldbui.meximas.com/newherbaldb/index.php/species/1
---
2014/06/16 01:49:22 [error] [exception.CHttpException.400] exception 'CHttpException' with message 'Your request is invalid.' in /home/u878473124/public_html/yii/framework/web/CController.php:336
Stack trace:
#0 /home/u878473124/public_html/yii/framework/web/CController.php(309): CController->invalidActionParams(Object(CInlineAction))
#1 /home/u878473124/public_html/yii/framework/web/filters/CFilterChain.php(133): CController->runAction(Object(CInlineAction))
#2 /home/u878473124/public_html/yii/framework/web/filters/CFilter.php(40): CFilterChain->run()
#3 /home/u878473124/public_html/yii/framework/web/CController.php(1145): CFilter->filter(Object(CFilterChain))
#4 /home/u878473124/public_html/yii/framework/web/filters/CInlineFilter.php(58): CController->filterAccessControl(Object(CFilterChain))
#5 /home/u878473124/public_html/yii/framework/web/filters/CFilterChain.php(130): CInlineFilter->filter(Object(CFilterChain))
#6 /home/u878473124/public_html/yii/framework/web/CController.php(291): CFilterChain->run()
#7 /home/u878473124/public_html/yii/framework/web/CController.php(265): CController->runActionWithFilters(Object(CInlineAction), Array)
#8 /home/u878473124/public_html/yii/framework/web/CWebApplication.php(282): CController->run('update')
#9 /home/u878473124/public_html/yii/framework/web/CWebApplication.php(141): CWebApplication->runController('species/update')
#10 /home/u878473124/public_html/yii/framework/base/CApplication.php(180): CWebApplication->processRequest()
#11 /home/u878473124/public_html/newherbaldb/index.php(13): CApplication->run()
#12 {main}
REQUEST_URI=/newherbaldb/index.php/species/update/
HTTP_REFERER=http://herbaldbui.meximas.com/newherbaldb/index.php/species/1
---
2014/06/16 01:50:38 [error] [php] Object of class ChangePasswordForm could not be converted to string (/home/u878473124/public_html/yii/framework/web/helpers/CHtml.php:2155)
Stack trace:
#0 /home/u878473124/public_html/yii/framework/web/helpers/CHtml.php(744): inputField()
#1 /home/u878473124/public_html/newherbaldb/protected/views/user/_formChangePassword.php(18): passwordField()
#2 /home/u878473124/public_html/yii/framework/web/CBaseController.php(126): require()
#3 /home/u878473124/public_html/yii/framework/web/CBaseController.php(95): UserController->renderInternal()
#4 /home/u878473124/public_html/yii/framework/web/CController.php(869): UserController->renderFile()
#5 /home/u878473124/public_html/newherbaldb/protected/views/user/changePassword.php(10): UserController->renderPartial()
#6 /home/u878473124/public_html/yii/framework/web/CBaseController.php(126): require()
#7 /home/u878473124/public_html/yii/framework/web/CBaseController.php(95): UserController->renderInternal()
#8 /home/u878473124/public_html/yii/framework/web/CController.php(869): UserController->renderFile()
#9 /home/u878473124/public_html/yii/framework/web/CController.php(782): UserController->renderPartial()
#10 /home/u878473124/public_html/newherbaldb/protected/controllers/UserController.php(162): UserController->render()
#11 unknown(0): UserController->actionChangePassword()
#12 /home/u878473124/public_html/yii/framework/web/actions/CAction.php(108): ReflectionMethod->invokeArgs()
#13 /home/u878473124/public_html/yii/framework/web/actions/CInlineAction.php(47): CInlineAction->runWithParamsInternal()
#14 /home/u878473124/public_html/yii/framework/web/CController.php(308): CInlineAction->runWithParams()
#15 /home/u878473124/public_html/yii/framework/web/filters/CFilterChain.php(133): UserController->runAction()
#16 /home/u878473124/public_html/yii/framework/web/filters/CFilter.php(40): CFilterChain->run()
#17 /home/u878473124/public_html/yii/framework/web/CController.php(1145): CAccessControlFilter->filter()
#18 /home/u878473124/public_html/yii/framework/web/filters/CInlineFilter.php(58): UserController->filterAccessControl()
#19 /home/u878473124/public_html/yii/framework/web/filters/CFilterChain.php(130): CInlineFilter->filter()
#20 /home/u878473124/public_html/yii/framework/web/CController.php(291): CFilterChain->run()
#21 /home/u878473124/public_html/yii/framework/web/CController.php(265): UserController->runActionWithFilters()
#22 /home/u878473124/public_html/yii/framework/web/CWebApplication.php(282): UserController->run()
#23 /home/u878473124/public_html/yii/framework/web/CWebApplication.php(141): CWebApplication->runController()
#24 /home/u878473124/public_html/yii/framework/base/CApplication.php(180): CWebApplication->processRequest()
#25 /home/u878473124/public_html/newherbaldb/index.php(13): CWebApplication->run()
REQUEST_URI=/newherbaldb/index.php/user/changePassword/38
in /home/u878473124/public_html/newherbaldb/protected/views/user/_formChangePassword.php (18)
in /home/u878473124/public_html/newherbaldb/protected/views/user/changePassword.php (10)
in /home/u878473124/public_html/newherbaldb/protected/controllers/UserController.php (162)
2014/06/16 01:53:50 [warning] [application] Failed to set unsafe attribute "use_foto" of "User".
in /home/u878473124/public_html/newherbaldb/protected/controllers/SiteController.php (149)
in /home/u878473124/public_html/newherbaldb/index.php (13)
2014/06/16 01:53:50 [warning] [application] Failed to set unsafe attribute "use_cv" of "User".
in /home/u878473124/public_html/newherbaldb/protected/controllers/SiteController.php (149)
in /home/u878473124/public_html/newherbaldb/index.php (13)
2014/06/16 01:53:55 [warning] [application] Failed to set unsafe attribute "use_foto" of "User".
in /home/u878473124/public_html/newherbaldb/protected/controllers/SiteController.php (149)
in /home/u878473124/public_html/newherbaldb/index.php (13)
2014/06/16 01:53:55 [warning] [application] Failed to set unsafe attribute "use_cv" of "User".
in /home/u878473124/public_html/newherbaldb/protected/controllers/SiteController.php (149)
in /home/u878473124/public_html/newherbaldb/index.php (13)
2014/06/16 01:53:55 [error] [php] fsockopen() [<a href='function.fsockopen'>function.fsockopen</a>]: SSL operation failed with code 1. OpenSSL Error messages:
error:140770FC:SSL routines:func(119):reason(252) (/home/u878473124/public_html/newherbaldb/protected/extensions/yii-mail/vendors/swiftMailer/classes/Swift/Transport/StreamBuffer.php:233)
Stack trace:
#0 /home/u878473124/public_html/newherbaldb/protected/extensions/yii-mail/vendors/swiftMailer/classes/Swift/Transport/AbstractSmtpTransport.php(101): Swift_Transport_StreamBuffer->initialize()
#1 /home/u878473124/public_html/newherbaldb/protected/extensions/yii-mail/vendors/swiftMailer/classes/Swift/Mailer.php(74): Swift_SmtpTransport->start()
#2 /home/u878473124/public_html/newherbaldb/protected/extensions/yii-mail/YiiMail.php(133): Swift_Mailer->send()
#3 /home/u878473124/public_html/newherbaldb/protected/controllers/SiteController.php(223): YiiMail->send()
#4 /home/u878473124/public_html/newherbaldb/protected/controllers/SiteController.php(171): SiteController->sendRegistrationMail()
#5 /home/u878473124/public_html/yii/framework/web/actions/CInlineAction.php(49): SiteController->actionRegister()
#6 /home/u878473124/public_html/yii/framework/web/CController.php(308): CInlineAction->runWithParams()
#7 /home/u878473124/public_html/yii/framework/web/CController.php(286): SiteController->runAction()
#8 /home/u878473124/public_html/yii/framework/web/CController.php(265): SiteController->runActionWithFilters()
#9 /home/u878473124/public_html/yii/framework/web/CWebApplication.php(282): SiteController->run()
#10 /home/u878473124/public_html/yii/framework/web/CWebApplication.php(141): CWebApplication->runController()
#11 /home/u878473124/public_html/yii/framework/base/CApplication.php(180): CWebApplication->processRequest()
#12 /home/u878473124/public_html/newherbaldb/index.php(13): CWebApplication->run()
REQUEST_URI=/newherbaldb/index.php/site/register
in /home/u878473124/public_html/newherbaldb/protected/extensions/yii-mail/vendors/swiftMailer/classes/Swift/Transport/StreamBuffer.php (233)
in /home/u878473124/public_html/newherbaldb/protected/extensions/yii-mail/vendors/swiftMailer/classes/Swift/Transport/StreamBuffer.php (70)
in /home/u878473124/public_html/newherbaldb/protected/extensions/yii-mail/vendors/swiftMailer/classes/Swift/Transport/AbstractSmtpTransport.php (101)
2014/06/16 01:54:05 [warning] [application] Failed to set unsafe attribute "use_foto" of "User".
in /home/u878473124/public_html/newherbaldb/protected/controllers/SiteController.php (149)
in /home/u878473124/public_html/newherbaldb/index.php (13)
2014/06/16 01:54:05 [warning] [application] Failed to set unsafe attribute "use_cv" of "User".
in /home/u878473124/public_html/newherbaldb/protected/controllers/SiteController.php (149)
in /home/u878473124/public_html/newherbaldb/index.php (13)
2014/06/16 01:55:33 [warning] [application] Failed to set unsafe attribute "use_foto" of "User".
in /home/u878473124/public_html/newherbaldb/protected/controllers/SiteController.php (149)
in /home/u878473124/public_html/newherbaldb/index.php (13)
2014/06/16 01:55:33 [warning] [application] Failed to set unsafe attribute "use_cv" of "User".
in /home/u878473124/public_html/newherbaldb/protected/controllers/SiteController.php (149)
in /home/u878473124/public_html/newherbaldb/index.php (13)
2014/06/16 01:56:03 [error] [php] fsockopen() [<a href='function.fsockopen'>function.fsockopen</a>]: unable to connect to mx1.idhostinger.com:25 (Connection timed out) (/home/u878473124/public_html/newherbaldb/protected/extensions/yii-mail/vendors/swiftMailer/classes/Swift/Transport/StreamBuffer.php:233)
Stack trace:
#0 /home/u878473124/public_html/newherbaldb/protected/extensions/yii-mail/vendors/swiftMailer/classes/Swift/Transport/AbstractSmtpTransport.php(101): Swift_Transport_StreamBuffer->initialize()
#1 /home/u878473124/public_html/newherbaldb/protected/extensions/yii-mail/vendors/swiftMailer/classes/Swift/Mailer.php(74): Swift_SmtpTransport->start()
#2 /home/u878473124/public_html/newherbaldb/protected/extensions/yii-mail/YiiMail.php(133): Swift_Mailer->send()
#3 /home/u878473124/public_html/newherbaldb/protected/controllers/SiteController.php(223): YiiMail->send()
#4 /home/u878473124/public_html/newherbaldb/protected/controllers/SiteController.php(171): SiteController->sendRegistrationMail()
#5 /home/u878473124/public_html/yii/framework/web/actions/CInlineAction.php(49): SiteController->actionRegister()
#6 /home/u878473124/public_html/yii/framework/web/CController.php(308): CInlineAction->runWithParams()
#7 /home/u878473124/public_html/yii/framework/web/CController.php(286): SiteController->runAction()
#8 /home/u878473124/public_html/yii/framework/web/CController.php(265): SiteController->runActionWithFilters()
#9 /home/u878473124/public_html/yii/framework/web/CWebApplication.php(282): SiteController->run()
#10 /home/u878473124/public_html/yii/framework/web/CWebApplication.php(141): CWebApplication->runController()
#11 /home/u878473124/public_html/yii/framework/base/CApplication.php(180): CWebApplication->processRequest()
#12 /home/u878473124/public_html/newherbaldb/index.php(13): CWebApplication->run()
REQUEST_URI=/newherbaldb/index.php/site/register
in /home/u878473124/public_html/newherbaldb/protected/extensions/yii-mail/vendors/swiftMailer/classes/Swift/Transport/StreamBuffer.php (233)
in /home/u878473124/public_html/newherbaldb/protected/extensions/yii-mail/vendors/swiftMailer/classes/Swift/Transport/StreamBuffer.php (70)
in /home/u878473124/public_html/newherbaldb/protected/extensions/yii-mail/vendors/swiftMailer/classes/Swift/Transport/AbstractSmtpTransport.php (101)
2014/06/16 01:59:08 [warning] [application] Failed to set unsafe attribute "use_foto" of "User".
in /home/u878473124/public_html/newherbaldb/protected/controllers/SiteController.php (149)
in /home/u878473124/public_html/newherbaldb/index.php (13)
2014/06/16 01:59:08 [warning] [application] Failed to set unsafe attribute "use_cv" of "User".
in /home/u878473124/public_html/newherbaldb/protected/controllers/SiteController.php (149)
in /home/u878473124/public_html/newherbaldb/index.php (13)
2014/06/16 01:59:22 [warning] [application] Failed to set unsafe attribute "use_foto" of "User".
in /home/u878473124/public_html/newherbaldb/protected/controllers/SiteController.php (149)
in /home/u878473124/public_html/newherbaldb/index.php (13)
2014/06/16 01:59:22 [warning] [application] Failed to set unsafe attribute "use_cv" of "User".
in /home/u878473124/public_html/newherbaldb/protected/controllers/SiteController.php (149)
in /home/u878473124/public_html/newherbaldb/index.php (13)
2014/06/16 01:59:23 [error] [php] fsockopen() [<a href='function.fsockopen'>function.fsockopen</a>]: SSL operation failed with code 1. OpenSSL Error messages:
error:140770FC:SSL routines:func(119):reason(252) (/home/u878473124/public_html/newherbaldb/protected/extensions/yii-mail/vendors/swiftMailer/classes/Swift/Transport/StreamBuffer.php:233)
Stack trace:
#0 /home/u878473124/public_html/newherbaldb/protected/extensions/yii-mail/vendors/swiftMailer/classes/Swift/Transport/AbstractSmtpTransport.php(101): Swift_Transport_StreamBuffer->initialize()
#1 /home/u878473124/public_html/newherbaldb/protected/extensions/yii-mail/vendors/swiftMailer/classes/Swift/Mailer.php(74): Swift_SmtpTransport->start()
#2 /home/u878473124/public_html/newherbaldb/protected/extensions/yii-mail/YiiMail.php(133): Swift_Mailer->send()
#3 /home/u878473124/public_html/newherbaldb/protected/controllers/SiteController.php(223): YiiMail->send()
#4 /home/u878473124/public_html/newherbaldb/protected/controllers/SiteController.php(171): SiteController->sendRegistrationMail()
#5 /home/u878473124/public_html/yii/framework/web/actions/CInlineAction.php(49): SiteController->actionRegister()
#6 /home/u878473124/public_html/yii/framework/web/CController.php(308): CInlineAction->runWithParams()
#7 /home/u878473124/public_html/yii/framework/web/CController.php(286): SiteController->runAction()
#8 /home/u878473124/public_html/yii/framework/web/CController.php(265): SiteController->runActionWithFilters()
#9 /home/u878473124/public_html/yii/framework/web/CWebApplication.php(282): SiteController->run()
#10 /home/u878473124/public_html/yii/framework/web/CWebApplication.php(141): CWebApplication->runController()
#11 /home/u878473124/public_html/yii/framework/base/CApplication.php(180): CWebApplication->processRequest()
#12 /home/u878473124/public_html/newherbaldb/index.php(13): CWebApplication->run()
REQUEST_URI=/newherbaldb/index.php/site/register
in /home/u878473124/public_html/newherbaldb/protected/extensions/yii-mail/vendors/swiftMailer/classes/Swift/Transport/StreamBuffer.php (233)
in /home/u878473124/public_html/newherbaldb/protected/extensions/yii-mail/vendors/swiftMailer/classes/Swift/Transport/StreamBuffer.php (70)
in /home/u878473124/public_html/newherbaldb/protected/extensions/yii-mail/vendors/swiftMailer/classes/Swift/Transport/AbstractSmtpTransport.php (101)
2014/06/16 02:04:10 [error] [php] Object of class ChangePasswordForm could not be converted to string (/home/u878473124/public_html/yii/framework/web/helpers/CHtml.php:2155)
Stack trace:
#0 /home/u878473124/public_html/yii/framework/web/helpers/CHtml.php(744): inputField()
#1 /home/u878473124/public_html/newherbaldb/protected/views/user/_formChangePassword.php(18): passwordField()
#2 /home/u878473124/public_html/yii/framework/web/CBaseController.php(126): require()
#3 /home/u878473124/public_html/yii/framework/web/CBaseController.php(95): UserController->renderInternal()
#4 /home/u878473124/public_html/yii/framework/web/CController.php(869): UserController->renderFile()
#5 /home/u878473124/public_html/newherbaldb/protected/views/user/changePassword.php(10): UserController->renderPartial()
#6 /home/u878473124/public_html/yii/framework/web/CBaseController.php(126): require()
#7 /home/u878473124/public_html/yii/framework/web/CBaseController.php(95): UserController->renderInternal()
#8 /home/u878473124/public_html/yii/framework/web/CController.php(869): UserController->renderFile()
#9 /home/u878473124/public_html/yii/framework/web/CController.php(782): UserController->renderPartial()
#10 /home/u878473124/public_html/newherbaldb/protected/controllers/UserController.php(162): UserController->render()
#11 unknown(0): UserController->actionChangePassword()
#12 /home/u878473124/public_html/yii/framework/web/actions/CAction.php(108): ReflectionMethod->invokeArgs()
#13 /home/u878473124/public_html/yii/framework/web/actions/CInlineAction.php(47): CInlineAction->runWithParamsInternal()
#14 /home/u878473124/public_html/yii/framework/web/CController.php(308): CInlineAction->runWithParams()
#15 /home/u878473124/public_html/yii/framework/web/filters/CFilterChain.php(133): UserController->runAction()
#16 /home/u878473124/public_html/yii/framework/web/filters/CFilter.php(40): CFilterChain->run()
#17 /home/u878473124/public_html/yii/framework/web/CController.php(1145): CAccessControlFilter->filter()
#18 /home/u878473124/public_html/yii/framework/web/filters/CInlineFilter.php(58): UserController->filterAccessControl()
#19 /home/u878473124/public_html/yii/framework/web/filters/CFilterChain.php(130): CInlineFilter->filter()
#20 /home/u878473124/public_html/yii/framework/web/CController.php(291): CFilterChain->run()
#21 /home/u878473124/public_html/yii/framework/web/CController.php(265): UserController->runActionWithFilters()
#22 /home/u878473124/public_html/yii/framework/web/CWebApplication.php(282): UserController->run()
#23 /home/u878473124/public_html/yii/framework/web/CWebApplication.php(141): CWebApplication->runController()
#24 /home/u878473124/public_html/yii/framework/base/CApplication.php(180): CWebApplication->processRequest()
#25 /home/u878473124/public_html/newherbaldb/index.php(13): CWebApplication->run()
REQUEST_URI=/newherbaldb/index.php/user/changePassword/41
in /home/u878473124/public_html/newherbaldb/protected/views/user/_formChangePassword.php (18)
in /home/u878473124/public_html/newherbaldb/protected/views/user/changePassword.php (10)
in /home/u878473124/public_html/newherbaldb/protected/controllers/UserController.php (162)
2014/06/16 02:36:21 [error] [exception.CException] exception 'CException' with message 'Property "News.spe_id" is not defined.' in /home/u878473124/public_html/yii/framework/base/CComponent.php:130
Stack trace:
#0 /home/u878473124/public_html/yii/framework/db/ar/CActiveRecord.php(145): CComponent->__get('spe_id')
#1 /home/u878473124/public_html/newherbaldb/protected/views/news/_form.php(45): CActiveRecord->__get('spe_id')
#2 /home/u878473124/public_html/yii/framework/web/CBaseController.php(126): require('/home/u87847312...')
#3 /home/u878473124/public_html/yii/framework/web/CBaseController.php(95): CBaseController->renderInternal('/home/u87847312...', Array, true)
#4 /home/u878473124/public_html/yii/framework/web/CController.php(869): CBaseController->renderFile('/home/u87847312...', Array, true)
#5 /home/u878473124/public_html/newherbaldb/protected/views/news/update.php(13): CController->renderPartial('_form', Array)
#6 /home/u878473124/public_html/yii/framework/web/CBaseController.php(126): require('/home/u87847312...')
#7 /home/u878473124/public_html/yii/framework/web/CBaseController.php(95): CBaseController->renderInternal('/home/u87847312...', Array, true)
#8 /home/u878473124/public_html/yii/framework/web/CController.php(869): CBaseController->renderFile('/home/u87847312...', Array, true)
#9 /home/u878473124/public_html/yii/framework/web/CController.php(782): CController->renderPartial('update', Array, true)
#10 /home/u878473124/public_html/newherbaldb/protected/controllers/NewsController.php(103): CController->render('update', Array)
#11 [internal function]: NewsController->actionUpdate('9')
#12 /home/u878473124/public_html/yii/framework/web/actions/CAction.php(108): ReflectionMethod->invokeArgs(Object(NewsController), Array)
#13 /home/u878473124/public_html/yii/framework/web/actions/CInlineAction.php(47): CAction->runWithParamsInternal(Object(NewsController), Object(ReflectionMethod), Array)
#14 /home/u878473124/public_html/yii/framework/web/CController.php(308): CInlineAction->runWithParams(Array)
#15 /home/u878473124/public_html/yii/framework/web/filters/CFilterChain.php(133): CController->runAction(Object(CInlineAction))
#16 /home/u878473124/public_html/yii/framework/web/filters/CFilter.php(40): CFilterChain->run()
#17 /home/u878473124/public_html/yii/framework/web/CController.php(1145): CFilter->filter(Object(CFilterChain))
#18 /home/u878473124/public_html/yii/framework/web/filters/CInlineFilter.php(58): CController->filterAccessControl(Object(CFilterChain))
#19 /home/u878473124/public_html/yii/framework/web/filters/CFilterChain.php(130): CInlineFilter->filter(Object(CFilterChain))
#20 /home/u878473124/public_html/yii/framework/web/CController.php(291): CFilterChain->run()
#21 /home/u878473124/public_html/yii/framework/web/CController.php(265): CController->runActionWithFilters(Object(CInlineAction), Array)
#22 /home/u878473124/public_html/yii/framework/web/CWebApplication.php(282): CController->run('update')
#23 /home/u878473124/public_html/yii/framework/web/CWebApplication.php(141): CWebApplication->runController('news/update')
#24 /home/u878473124/public_html/yii/framework/base/CApplication.php(180): CWebApplication->processRequest()
#25 /home/u878473124/public_html/newherbaldb/index.php(13): CApplication->run()
#26 {main}
REQUEST_URI=/newherbaldb/index.php/news/update/9
HTTP_REFERER=http://herbaldbui.meximas.com/newherbaldb/index.php/news/index
---
2014/06/16 04:09:04 [warning] [application] Failed to set unsafe attribute "spe_varietyname" of "Species".
in /home/u878473124/public_html/newherbaldb/protected/controllers/SpeciesController.php (156)
in /home/u878473124/public_html/newherbaldb/index.php (13)
2014/06/16 04:09:04 [warning] [application] Failed to set unsafe attribute "spe_familyname" of "Species".
in /home/u878473124/public_html/newherbaldb/protected/controllers/SpeciesController.php (156)
in /home/u878473124/public_html/newherbaldb/index.php (13)
2014/06/16 04:09:04 [warning] [application] Failed to set unsafe attribute "spe_foundername" of "Species".
in /home/u878473124/public_html/newherbaldb/protected/controllers/SpeciesController.php (156)
in /home/u878473124/public_html/newherbaldb/index.php (13)
2014/06/16 04:09:04 [warning] [application] Failed to set unsafe attribute "spe_foto" of "Species".
in /home/u878473124/public_html/newherbaldb/protected/controllers/SpeciesController.php (156)
in /home/u878473124/public_html/newherbaldb/index.php (13)
2014/06/16 04:10:34 [warning] [application] Failed to set unsafe attribute "use_foto" of "User".
in /home/u878473124/public_html/newherbaldb/protected/controllers/UserController.php (97)
in /home/u878473124/public_html/newherbaldb/index.php (13)
2014/06/16 04:10:34 [warning] [application] Failed to set unsafe attribute "use_cv" of "User".
in /home/u878473124/public_html/newherbaldb/protected/controllers/UserController.php (97)
in /home/u878473124/public_html/newherbaldb/index.php (13)
2014/06/16 04:10:34 [warning] [application] Failed to set unsafe attribute "photo" of "User".
in /home/u878473124/public_html/newherbaldb/protected/controllers/UserController.php (97)
in /home/u878473124/public_html/newherbaldb/index.php (13)
2014/06/16 04:10:34 [warning] [application] Failed to set unsafe attribute "cv" of "User".
in /home/u878473124/public_html/newherbaldb/protected/controllers/UserController.php (97)
in /home/u878473124/public_html/newherbaldb/index.php (13)
2014/06/16 04:11:01 [warning] [application] Failed to set unsafe attribute "use_foto" of "User".
in /home/u878473124/public_html/newherbaldb/protected/controllers/UserController.php (97)
in /home/u878473124/public_html/newherbaldb/index.php (13)
2014/06/16 04:11:01 [warning] [application] Failed to set unsafe attribute "use_cv" of "User".
in /home/u878473124/public_html/newherbaldb/protected/controllers/UserController.php (97)
in /home/u878473124/public_html/newherbaldb/index.php (13)
2014/06/16 04:11:01 [warning] [application] Failed to set unsafe attribute "photo" of "User".
in /home/u878473124/public_html/newherbaldb/protected/controllers/UserController.php (97)
in /home/u878473124/public_html/newherbaldb/index.php (13)
2014/06/16 04:11:01 [warning] [application] Failed to set unsafe attribute "cv" of "User".
in /home/u878473124/public_html/newherbaldb/protected/controllers/UserController.php (97)
in /home/u878473124/public_html/newherbaldb/index.php (13)
2014/06/16 04:11:13 [warning] [application] Failed to set unsafe attribute "use_foto" of "User".
in /home/u878473124/public_html/newherbaldb/protected/controllers/UserController.php (97)
in /home/u878473124/public_html/newherbaldb/index.php (13)
2014/06/16 04:11:13 [warning] [application] Failed to set unsafe attribute "use_cv" of "User".
in /home/u878473124/public_html/newherbaldb/protected/controllers/UserController.php (97)
in /home/u878473124/public_html/newherbaldb/index.php (13)
2014/06/16 04:11:13 [warning] [application] Failed to set unsafe attribute "photo" of "User".
in /home/u878473124/public_html/newherbaldb/protected/controllers/UserController.php (97)
in /home/u878473124/public_html/newherbaldb/index.php (13)
2014/06/16 04:11:13 [warning] [application] Failed to set unsafe attribute "cv" of "User".
in /home/u878473124/public_html/newherbaldb/protected/controllers/UserController.php (97)
in /home/u878473124/public_html/newherbaldb/index.php (13)
2014/06/16 04:14:38 [warning] [application] Failed to set unsafe attribute "spe_varietyname" of "Species".
in /home/u878473124/public_html/newherbaldb/protected/controllers/UserController.php (281)
in /home/u878473124/public_html/newherbaldb/index.php (13)
2014/06/16 04:14:38 [warning] [application] Failed to set unsafe attribute "spe_familyname" of "Species".
in /home/u878473124/public_html/newherbaldb/protected/controllers/UserController.php (281)
in /home/u878473124/public_html/newherbaldb/index.php (13)
2014/06/16 04:14:38 [warning] [application] Failed to set unsafe attribute "spe_foundername" of "Species".
in /home/u878473124/public_html/newherbaldb/protected/controllers/UserController.php (281)
in /home/u878473124/public_html/newherbaldb/index.php (13)
2014/06/16 04:14:38 [warning] [application] Failed to set unsafe attribute "spe_foto" of "Species".
in /home/u878473124/public_html/newherbaldb/protected/controllers/UserController.php (281)
in /home/u878473124/public_html/newherbaldb/index.php (13)
2014/06/16 04:22:05 [error] [php] require(/home/u878473124/public_html/newherbaldb/protected/views/user\verificationApproval.php) [<a href='function.require'>function.require</a>]: failed to open stream: No such file or directory (/home/u878473124/public_html/yii/framework/web/CBaseController.php:126)
Stack trace:
#0 /home/u878473124/public_html/newherbaldb/protected/controllers/UserController.php(242): YiiMailMessage->setBody()
#1 /home/u878473124/public_html/newherbaldb/protected/controllers/UserController.php(224): UserController->sendVerificationMail()
#2 unknown(0): UserController->actionVerify()
#3 /home/u878473124/public_html/yii/framework/web/actions/CAction.php(108): ReflectionMethod->invokeArgs()
#4 /home/u878473124/public_html/yii/framework/web/actions/CInlineAction.php(47): CInlineAction->runWithParamsInternal()
#5 /home/u878473124/public_html/yii/framework/web/CController.php(308): CInlineAction->runWithParams()
#6 /home/u878473124/public_html/yii/framework/web/filters/CFilterChain.php(133): UserController->runAction()
#7 /home/u878473124/public_html/yii/framework/web/filters/CFilter.php(40): CFilterChain->run()
#8 /home/u878473124/public_html/yii/framework/web/CController.php(1145): CAccessControlFilter->filter()
#9 /home/u878473124/public_html/yii/framework/web/filters/CInlineFilter.php(58): UserController->filterAccessControl()
#10 /home/u878473124/public_html/yii/framework/web/filters/CFilterChain.php(130): CInlineFilter->filter()
#11 /home/u878473124/public_html/yii/framework/web/CController.php(291): CFilterChain->run()
#12 /home/u878473124/public_html/yii/framework/web/CController.php(265): UserController->runActionWithFilters()
#13 /home/u878473124/public_html/yii/framework/web/CWebApplication.php(282): UserController->run()
#14 /home/u878473124/public_html/yii/framework/web/CWebApplication.php(141): CWebApplication->runController()
#15 /home/u878473124/public_html/yii/framework/base/CApplication.php(180): CWebApplication->processRequest()
#16 /home/u878473124/public_html/newherbaldb/index.php(13): CWebApplication->run()
REQUEST_URI=/newherbaldb/index.php/user/verify/50
in /home/u878473124/public_html/newherbaldb/protected/extensions/yii-mail/YiiMailMessage.php (143)
in /home/u878473124/public_html/newherbaldb/protected/controllers/UserController.php (242)
in /home/u878473124/public_html/newherbaldb/protected/controllers/UserController.php (224)
2014/06/16 04:49:54 [warning] [application] Failed to set unsafe attribute "use_foto" of "User".
in /home/u878473124/public_html/newherbaldb/protected/controllers/UserController.php (97)
in /home/u878473124/public_html/newherbaldb/index.php (13)
2014/06/16 04:49:54 [warning] [application] Failed to set unsafe attribute "use_cv" of "User".
in /home/u878473124/public_html/newherbaldb/protected/controllers/UserController.php (97)
in /home/u878473124/public_html/newherbaldb/index.php (13)
2014/06/16 04:49:54 [warning] [application] Failed to set unsafe attribute "photo" of "User".
in /home/u878473124/public_html/newherbaldb/protected/controllers/UserController.php (97)
in /home/u878473124/public_html/newherbaldb/index.php (13)
2014/06/16 04:49:54 [warning] [application] Failed to set unsafe attribute "cv" of "User".
in /home/u878473124/public_html/newherbaldb/protected/controllers/UserController.php (97)
in /home/u878473124/public_html/newherbaldb/index.php (13)
2014/06/16 04:51:45 [error] [php] require(/home/u878473124/public_html/newherbaldb/protected/views/user\verificationApproval.php) [<a href='function.require'>function.require</a>]: failed to open stream: No such file or directory (/home/u878473124/public_html/yii/framework/web/CBaseController.php:126)
Stack trace:
#0 /home/u878473124/public_html/newherbaldb/protected/controllers/UserController.php(242): YiiMailMessage->setBody()
#1 /home/u878473124/public_html/newherbaldb/protected/controllers/UserController.php(224): UserController->sendVerificationMail()
#2 unknown(0): UserController->actionVerify()
#3 /home/u878473124/public_html/yii/framework/web/actions/CAction.php(108): ReflectionMethod->invokeArgs()
#4 /home/u878473124/public_html/yii/framework/web/actions/CInlineAction.php(47): CInlineAction->runWithParamsInternal()
#5 /home/u878473124/public_html/yii/framework/web/CController.php(308): CInlineAction->runWithParams()
#6 /home/u878473124/public_html/yii/framework/web/filters/CFilterChain.php(133): UserController->runAction()
#7 /home/u878473124/public_html/yii/framework/web/filters/CFilter.php(40): CFilterChain->run()
#8 /home/u878473124/public_html/yii/framework/web/CController.php(1145): CAccessControlFilter->filter()
#9 /home/u878473124/public_html/yii/framework/web/filters/CInlineFilter.php(58): UserController->filterAccessControl()
#10 /home/u878473124/public_html/yii/framework/web/filters/CFilterChain.php(130): CInlineFilter->filter()
#11 /home/u878473124/public_html/yii/framework/web/CController.php(291): CFilterChain->run()
#12 /home/u878473124/public_html/yii/framework/web/CController.php(265): UserController->runActionWithFilters()
#13 /home/u878473124/public_html/yii/framework/web/CWebApplication.php(282): UserController->run()
#14 /home/u878473124/public_html/yii/framework/web/CWebApplication.php(141): CWebApplication->runController()
#15 /home/u878473124/public_html/yii/framework/base/CApplication.php(180): CWebApplication->processRequest()
#16 /home/u878473124/public_html/newherbaldb/index.php(13): CWebApplication->run()
REQUEST_URI=/newherbaldb/index.php/user/verify/48
in /home/u878473124/public_html/newherbaldb/protected/extensions/yii-mail/YiiMailMessage.php (143)
in /home/u878473124/public_html/newherbaldb/protected/controllers/UserController.php (242)
in /home/u878473124/public_html/newherbaldb/protected/controllers/UserController.php (224)
2014/06/16 07:44:37 [warning] [application] Failed to set unsafe attribute "use_foto" of "User".
in /home/u878473124/public_html/newherbaldb/protected/controllers/UserController.php (194)
in /home/u878473124/public_html/newherbaldb/index.php (13)
2014/06/16 07:44:37 [warning] [application] Failed to set unsafe attribute "use_cv" of "User".
in /home/u878473124/public_html/newherbaldb/protected/controllers/UserController.php (194)
in /home/u878473124/public_html/newherbaldb/index.php (13)
2014/06/16 07:44:37 [warning] [application] Failed to set unsafe attribute "photo" of "User".
in /home/u878473124/public_html/newherbaldb/protected/controllers/UserController.php (194)
in /home/u878473124/public_html/newherbaldb/index.php (13)
2014/06/16 08:13:31 [warning] [application] Failed to set unsafe attribute "spe_varietyname" of "Species".
in /home/u878473124/public_html/newherbaldb/protected/controllers/UserController.php (281)
in /home/u878473124/public_html/newherbaldb/index.php (13)
2014/06/16 08:13:31 [warning] [application] Failed to set unsafe attribute "spe_familyname" of "Species".
in /home/u878473124/public_html/newherbaldb/protected/controllers/UserController.php (281)
in /home/u878473124/public_html/newherbaldb/index.php (13)
2014/06/16 08:13:31 [warning] [application] Failed to set unsafe attribute "spe_foundername" of "Species".
in /home/u878473124/public_html/newherbaldb/protected/controllers/UserController.php (281)
in /home/u878473124/public_html/newherbaldb/index.php (13)
2014/06/16 08:13:31 [warning] [application] Failed to set unsafe attribute "spe_foto" of "Species".
in /home/u878473124/public_html/newherbaldb/protected/controllers/UserController.php (281)
in /home/u878473124/public_html/newherbaldb/index.php (13)
2014/06/16 08:14:07 [warning] [application] Failed to set unsafe attribute "spe_varietyname" of "Species".
in /home/u878473124/public_html/newherbaldb/protected/controllers/UserController.php (281)
in /home/u878473124/public_html/newherbaldb/index.php (13)
2014/06/16 08:14:07 [warning] [application] Failed to set unsafe attribute "spe_familyname" of "Species".
in /home/u878473124/public_html/newherbaldb/protected/controllers/UserController.php (281)
in /home/u878473124/public_html/newherbaldb/index.php (13)
2014/06/16 08:14:07 [warning] [application] Failed to set unsafe attribute "spe_foundername" of "Species".
in /home/u878473124/public_html/newherbaldb/protected/controllers/UserController.php (281)
in /home/u878473124/public_html/newherbaldb/index.php (13)
2014/06/16 08:14:07 [warning] [application] Failed to set unsafe attribute "spe_foto" of "Species".
in /home/u878473124/public_html/newherbaldb/protected/controllers/UserController.php (281)
in /home/u878473124/public_html/newherbaldb/index.php (13)
2014/06/16 08:34:44 [warning] [application] Failed to set unsafe attribute "use_foto" of "User".
in /home/u878473124/public_html/newherbaldb/protected/controllers/UserController.php (97)
in /home/u878473124/public_html/newherbaldb/index.php (13)
2014/06/16 08:34:44 [warning] [application] Failed to set unsafe attribute "use_cv" of "User".
in /home/u878473124/public_html/newherbaldb/protected/controllers/UserController.php (97)
in /home/u878473124/public_html/newherbaldb/index.php (13)
2014/06/16 08:34:44 [warning] [application] Failed to set unsafe attribute "photo" of "User".
in /home/u878473124/public_html/newherbaldb/protected/controllers/UserController.php (97)
in /home/u878473124/public_html/newherbaldb/index.php (13)
2014/06/16 08:34:44 [warning] [application] Failed to set unsafe attribute "cv" of "User".
in /home/u878473124/public_html/newherbaldb/protected/controllers/UserController.php (97)
in /home/u878473124/public_html/newherbaldb/index.php (13)
2014/06/16 08:40:14 [warning] [application] Failed to set unsafe attribute "use_foto" of "User".
in /home/u878473124/public_html/newherbaldb/protected/controllers/UserController.php (97)
in /home/u878473124/public_html/newherbaldb/index.php (13)
2014/06/16 08:40:14 [warning] [application] Failed to set unsafe attribute "use_cv" of "User".
in /home/u878473124/public_html/newherbaldb/protected/controllers/UserController.php (97)
in /home/u878473124/public_html/newherbaldb/index.php (13)
2014/06/16 08:40:14 [warning] [application] Failed to set unsafe attribute "photo" of "User".
in /home/u878473124/public_html/newherbaldb/protected/controllers/UserController.php (97)
in /home/u878473124/public_html/newherbaldb/index.php (13)
2014/06/16 08:40:14 [warning] [application] Failed to set unsafe attribute "cv" of "User".
in /home/u878473124/public_html/newherbaldb/protected/controllers/UserController.php (97)
in /home/u878473124/public_html/newherbaldb/index.php (13)
2014/06/16 09:58:04 [error] [php] fsockopen() [<a href='function.fsockopen'>function.fsockopen</a>]: SSL operation failed with code 1. OpenSSL Error messages:
error:140770FC:SSL routines:func(119):reason(252) (/home/u878473124/public_html/newherbaldb/protected/extensions/yii-mail/vendors/swiftMailer/classes/Swift/Transport/StreamBuffer.php:233)
Stack trace:
#0 /home/u878473124/public_html/newherbaldb/protected/extensions/yii-mail/vendors/swiftMailer/classes/Swift/Transport/AbstractSmtpTransport.php(101): Swift_Transport_StreamBuffer->initialize()
#1 /home/u878473124/public_html/newherbaldb/protected/extensions/yii-mail/vendors/swiftMailer/classes/Swift/Mailer.php(74): Swift_SmtpTransport->start()
#2 /home/u878473124/public_html/newherbaldb/protected/extensions/yii-mail/YiiMail.php(133): Swift_Mailer->send()
#3 /home/u878473124/public_html/newherbaldb/protected/controllers/SiteController.php(262): YiiMail->send()
#4 /home/u878473124/public_html/newherbaldb/protected/controllers/SiteController.php(84): SiteController->sendContactMail()
#5 /home/u878473124/public_html/yii/framework/web/actions/CInlineAction.php(49): SiteController->actionContact()
#6 /home/u878473124/public_html/yii/framework/web/CController.php(308): CInlineAction->runWithParams()
#7 /home/u878473124/public_html/yii/framework/web/CController.php(286): SiteController->runAction()
#8 /home/u878473124/public_html/yii/framework/web/CController.php(265): SiteController->runActionWithFilters()
#9 /home/u878473124/public_html/yii/framework/web/CWebApplication.php(282): SiteController->run()
#10 /home/u878473124/public_html/yii/framework/web/CWebApplication.php(141): CWebApplication->runController()
#11 /home/u878473124/public_html/yii/framework/base/CApplication.php(180): CWebApplication->processRequest()
#12 /home/u878473124/public_html/newherbaldb/index.php(13): CWebApplication->run()
REQUEST_URI=/newherbaldb/index.php/site/contact
in /home/u878473124/public_html/newherbaldb/protected/extensions/yii-mail/vendors/swiftMailer/classes/Swift/Transport/StreamBuffer.php (233)
in /home/u878473124/public_html/newherbaldb/protected/extensions/yii-mail/vendors/swiftMailer/classes/Swift/Transport/StreamBuffer.php (70)
in /home/u878473124/public_html/newherbaldb/protected/extensions/yii-mail/vendors/swiftMailer/classes/Swift/Transport/AbstractSmtpTransport.php (101)
2014/06/18 01:21:06 [warning] [application] Failed to set unsafe attribute "spe_varietyname" of "Species".
in /home/u878473124/public_html/newherbaldb/protected/controllers/UserController.php (281)
in /home/u878473124/public_html/newherbaldb/index.php (13)
2014/06/18 01:21:06 [warning] [application] Failed to set unsafe attribute "spe_familyname" of "Species".
in /home/u878473124/public_html/newherbaldb/protected/controllers/UserController.php (281)
in /home/u878473124/public_html/newherbaldb/index.php (13)
2014/06/18 01:21:06 [warning] [application] Failed to set unsafe attribute "spe_foundername" of "Species".
in /home/u878473124/public_html/newherbaldb/protected/controllers/UserController.php (281)
in /home/u878473124/public_html/newherbaldb/index.php (13)
2014/06/18 01:21:06 [warning] [application] Failed to set unsafe attribute "spe_foto" of "Species".
in /home/u878473124/public_html/newherbaldb/protected/controllers/UserController.php (281)
in /home/u878473124/public_html/newherbaldb/index.php (13)
2014/06/18 01:21:27 [warning] [application] Failed to set unsafe attribute "spe_varietyname" of "Species".
in /home/u878473124/public_html/newherbaldb/protected/controllers/UserController.php (281)
in /home/u878473124/public_html/newherbaldb/index.php (13)
2014/06/18 01:21:27 [warning] [application] Failed to set unsafe attribute "spe_familyname" of "Species".
in /home/u878473124/public_html/newherbaldb/protected/controllers/UserController.php (281)
in /home/u878473124/public_html/newherbaldb/index.php (13)
2014/06/18 01:21:27 [warning] [application] Failed to set unsafe attribute "spe_foundername" of "Species".
in /home/u878473124/public_html/newherbaldb/protected/controllers/UserController.php (281)
in /home/u878473124/public_html/newherbaldb/index.php (13)
2014/06/18 01:21:27 [warning] [application] Failed to set unsafe attribute "spe_foto" of "Species".
in /home/u878473124/public_html/newherbaldb/protected/controllers/UserController.php (281)
in /home/u878473124/public_html/newherbaldb/index.php (13)
2014/06/18 05:09:25 [error] [exception.CHttpException.404] exception 'CHttpException' with message 'The system is unable to find the requested action "view".' in /home/u878473124/public_html/yii/framework/web/CController.php:483
Stack trace:
#0 /home/u878473124/public_html/yii/framework/web/CController.php(270): CController->missingAction('view')
#1 /home/u878473124/public_html/yii/framework/web/CWebApplication.php(282): CController->run('view')
#2 /home/u878473124/public_html/yii/framework/web/CWebApplication.php(141): CWebApplication->runController('user/view')
#3 /home/u878473124/public_html/yii/framework/base/CApplication.php(180): CWebApplication->processRequest()
#4 /home/u878473124/public_html/newherbaldb/index.php(13): CApplication->run()
#5 {main}
REQUEST_URI=/newherbaldb/index.php/user/38
HTTP_REFERER=http://herbaldbui.meximas.com/newherbaldb/index.php/user/update/38
---
2014/06/18 05:12:45 [error] [exception.CHttpException.404] exception 'CHttpException' with message 'The system is unable to find the requested action "id".' in /home/u878473124/public_html/yii/framework/web/CController.php:483
Stack trace:
#0 /home/u878473124/public_html/yii/framework/web/CController.php(270): CController->missingAction('id')
#1 /home/u878473124/public_html/yii/framework/web/CWebApplication.php(282): CController->run('id')
#2 /home/u878473124/public_html/yii/framework/web/CWebApplication.php(141): CWebApplication->runController('user/id')
#3 /home/u878473124/public_html/yii/framework/base/CApplication.php(180): CWebApplication->processRequest()
#4 /home/u878473124/public_html/newherbaldb/index.php(13): CApplication->run()
#5 {main}
REQUEST_URI=/newherbaldb/index.php/user/id/38
HTTP_REFERER=http://herbaldbui.meximas.com/newherbaldb/index.php/user/update/38
---
2014/06/18 06:51:05 [warning] [application] Failed to set unsafe attribute "use_foto" of "User".
in /home/u878473124/public_html/newherbaldb/protected/controllers/UserController.php (97)
in /home/u878473124/public_html/newherbaldb/index.php (13)
2014/06/18 06:51:05 [warning] [application] Failed to set unsafe attribute "use_cv" of "User".
in /home/u878473124/public_html/newherbaldb/protected/controllers/UserController.php (97)
in /home/u878473124/public_html/newherbaldb/index.php (13)
2014/06/18 06:51:05 [warning] [application] Failed to set unsafe attribute "photo" of "User".
in /home/u878473124/public_html/newherbaldb/protected/controllers/UserController.php (97)
in /home/u878473124/public_html/newherbaldb/index.php (13)
2014/06/18 06:51:05 [warning] [application] Failed to set unsafe attribute "cv" of "User".
in /home/u878473124/public_html/newherbaldb/protected/controllers/UserController.php (97)
in /home/u878473124/public_html/newherbaldb/index.php (13)
2014/06/19 04:11:46 [warning] [application] Failed to set unsafe attribute "spe_varietyname" of "Species".
in /home/u878473124/public_html/newherbaldb/protected/controllers/UserController.php (281)
in /home/u878473124/public_html/newherbaldb/index.php (13)
2014/06/19 04:11:46 [warning] [application] Failed to set unsafe attribute "spe_familyname" of "Species".
in /home/u878473124/public_html/newherbaldb/protected/controllers/UserController.php (281)
in /home/u878473124/public_html/newherbaldb/index.php (13)
2014/06/19 04:11:46 [warning] [application] Failed to set unsafe attribute "spe_foundername" of "Species".
in /home/u878473124/public_html/newherbaldb/protected/controllers/UserController.php (281)
in /home/u878473124/public_html/newherbaldb/index.php (13)
2014/06/19 04:11:46 [warning] [application] Failed to set unsafe attribute "spe_foto" of "Species".
in /home/u878473124/public_html/newherbaldb/protected/controllers/UserController.php (281)
in /home/u878473124/public_html/newherbaldb/index.php (13)
2014/06/19 04:17:15 [warning] [application] Failed to set unsafe attribute "spe_varietyname" of "Species".
in /home/u878473124/public_html/newherbaldb/protected/controllers/UserController.php (281)
in /home/u878473124/public_html/newherbaldb/index.php (13)
2014/06/19 04:17:15 [warning] [application] Failed to set unsafe attribute "spe_familyname" of "Species".
in /home/u878473124/public_html/newherbaldb/protected/controllers/UserController.php (281)
in /home/u878473124/public_html/newherbaldb/index.php (13)
2014/06/19 04:17:15 [warning] [application] Failed to set unsafe attribute "spe_foundername" of "Species".
in /home/u878473124/public_html/newherbaldb/protected/controllers/UserController.php (281)
in /home/u878473124/public_html/newherbaldb/index.php (13)
2014/06/19 04:17:15 [warning] [application] Failed to set unsafe attribute "spe_foto" of "Species".
in /home/u878473124/public_html/newherbaldb/protected/controllers/UserController.php (281)
in /home/u878473124/public_html/newherbaldb/index.php (13)
2014/06/19 04:17:21 [warning] [application] Failed to set unsafe attribute "spe_varietyname" of "Species".
in /home/u878473124/public_html/newherbaldb/protected/controllers/UserController.php (281)
in /home/u878473124/public_html/newherbaldb/index.php (13)
2014/06/19 04:17:21 [warning] [application] Failed to set unsafe attribute "spe_familyname" of "Species".
in /home/u878473124/public_html/newherbaldb/protected/controllers/UserController.php (281)
in /home/u878473124/public_html/newherbaldb/index.php (13)
2014/06/19 04:17:21 [warning] [application] Failed to set unsafe attribute "spe_foundername" of "Species".
in /home/u878473124/public_html/newherbaldb/protected/controllers/UserController.php (281)
in /home/u878473124/public_html/newherbaldb/index.php (13)
2014/06/19 04:17:21 [warning] [application] Failed to set unsafe attribute "spe_foto" of "Species".
in /home/u878473124/public_html/newherbaldb/protected/controllers/UserController.php (281)
in /home/u878473124/public_html/newherbaldb/index.php (13)
2014/06/19 07:50:03 [warning] [application] Failed to set unsafe attribute "spe_varietyname" of "Species".
in /home/u878473124/public_html/newherbaldb/protected/controllers/SpeciesController.php (156)
in /home/u878473124/public_html/newherbaldb/index.php (13)
2014/06/19 07:50:03 [warning] [application] Failed to set unsafe attribute "spe_familyname" of "Species".
in /home/u878473124/public_html/newherbaldb/protected/controllers/SpeciesController.php (156)
in /home/u878473124/public_html/newherbaldb/index.php (13)
2014/06/19 07:50:03 [warning] [application] Failed to set unsafe attribute "spe_foundername" of "Species".
in /home/u878473124/public_html/newherbaldb/protected/controllers/SpeciesController.php (156)
in /home/u878473124/public_html/newherbaldb/index.php (13)
2014/06/19 07:50:03 [warning] [application] Failed to set unsafe attribute "spe_foto" of "Species".
in /home/u878473124/public_html/newherbaldb/protected/controllers/SpeciesController.php (156)
in /home/u878473124/public_html/newherbaldb/index.php (13)
